This file contains any messages produced by compilers while
running configure, to aid debugging if configure makes a mistake.

It was created by mapi configure 2.0-beta1, which was
generated by GNU Autoconf 2.67.  Invocation command line was

  $ ./configure --enable-trackflib --enable-extraflib --enable-anonflib --enable-dimapi

## --------- ##
## Platform. ##
## --------- ##

hostname = helios66-ubu-pc
uname -m = i686
uname -r = 3.2.0-29-generic-pae
uname -s = Linux
uname -v = #46-Ubuntu SMP Fri Jul 27 17:25:43 UTC 2012

/usr/bin/uname -p = unknown
/bin/uname -X     = unknown

/bin/arch              = unknown
/usr/bin/arch -k       = unknown
/usr/convex/getsysinfo = unknown
/usr/bin/hostinfo      = unknown
/bin/machine           = unknown
/usr/bin/oslevel       = unknown
/bin/universe          = unknown

PATH: /usr/local/sbin
PATH: /usr/local/bin
PATH: /usr/sbin
PATH: /usr/bin
PATH: /sbin
PATH: /bin


## ----------- ##
## Core tests. ##
## ----------- ##

configure:2648: checking for a BSD-compatible install
configure:2716: result: /usr/bin/install -c
configure:2727: checking whether build environment is sane
configure:2777: result: yes
configure:2918: checking for a thread-safe mkdir -p
configure:2957: result: /bin/mkdir -p
configure:2970: checking for gawk
configure:3000: result: no
configure:2970: checking for mawk
configure:2986: found /usr/bin/mawk
configure:2997: result: mawk
configure:3008: checking whether make sets $(MAKE)
configure:3030: result: yes
configure:3160: checking for gcc
configure:3176: found /usr/bin/gcc
configure:3187: result: gcc
configure:3416: checking for C compiler version
configure:3425: gcc --version >&5
gcc (Ubuntu/Linaro 4.6.3-1ubuntu5) 4.6.3
Copyright (C) 2011 Free Software Foundation, Inc.
This is free software; see the source for copying conditions.  There is NO
warranty; not even for MERCHANTABILITY or FITNESS FOR A PARTICULAR PURPOSE.

configure:3436: $? = 0
configure:3425: gcc -v >&5
Using built-in specs.
COLLECT_GCC=gcc
COLLECT_LTO_WRAPPER=/usr/lib/gcc/i686-linux-gnu/4.6/lto-wrapper
Target: i686-linux-gnu
Configured with: ../src/configure -v --with-pkgversion='Ubuntu/Linaro 4.6.3-1ubuntu5' --with-bugurl=file:///usr/share/doc/gcc-4.6/README.Bugs --enable-languages=c,c++,fortran,objc,obj-c++ --prefix=/usr --program-suffix=-4.6 --enable-shared --enable-linker-build-id --with-system-zlib --libexecdir=/usr/lib --without-included-gettext --enable-threads=posix --with-gxx-include-dir=/usr/include/c++/4.6 --libdir=/usr/lib --enable-nls --with-sysroot=/ --enable-clocale=gnu --enable-libstdcxx-debug --enable-libstdcxx-time=yes --enable-gnu-unique-object --enable-plugin --enable-objc-gc --enable-targets=all --disable-werror --with-arch-32=i686 --with-tune=generic --enable-checking=release --build=i686-linux-gnu --host=i686-linux-gnu --target=i686-linux-gnu
Thread model: posix
gcc version 4.6.3 (Ubuntu/Linaro 4.6.3-1ubuntu5) 
configure:3436: $? = 0
configure:3425: gcc -V >&5
gcc: error: unrecognized option '-V'
gcc: fatal error: no input files
compilation terminated.
configure:3436: $? = 4
configure:3425: gcc -qversion >&5
gcc: error: unrecognized option '-qversion'
gcc: fatal error: no input files
compilation terminated.
configure:3436: $? = 4
configure:3456: checking whether the C compiler works
configure:3478: gcc    conftest.c  >&5
configure:3482: $? = 0
configure:3530: result: yes
configure:3533: checking for C compiler default output file name
configure:3535: result: a.out
configure:3541: checking for suffix of executables
configure:3548: gcc -o conftest    conftest.c  >&5
configure:3552: $? = 0
configure:3574: result: 
configure:3596: checking whether we are cross compiling
configure:3604: gcc -o conftest    conftest.c  >&5
configure:3608: $? = 0
configure:3615: ./conftest
configure:3619: $? = 0
configure:3634: result: no
configure:3639: checking for suffix of object files
configure:3661: gcc -c   conftest.c >&5
configure:3665: $? = 0
configure:3686: result: o
configure:3690: checking whether we are using the GNU C compiler
configure:3709: gcc -c   conftest.c >&5
configure:3709: $? = 0
configure:3718: result: yes
configure:3727: checking whether gcc accepts -g
configure:3747: gcc -c -g  conftest.c >&5
configure:3747: $? = 0
configure:3788: result: yes
configure:3805: checking for gcc option to accept ISO C89
configure:3869: gcc  -c -g -O2  conftest.c >&5
configure:3869: $? = 0
configure:3882: result: none needed
configure:3905: checking for groupadd
configure:3924: found /usr/sbin/groupadd
configure:3937: result: /usr/sbin/groupadd
configure:3953: libtool -----------------------------------------------------
configure:4023: checking build system type
configure:4037: result: i686-pc-linux-gnu
configure:4057: checking host system type
configure:4070: result: i686-pc-linux-gnu
configure:4090: checking for a sed that does not truncate output
configure:4154: result: /bin/sed
configure:4172: checking for grep that handles long lines and -e
configure:4230: result: /bin/grep
configure:4235: checking for egrep
configure:4297: result: /bin/grep -E
configure:4302: checking for fgrep
configure:4364: result: /bin/grep -F
configure:4399: checking for ld used by gcc
configure:4466: result: /usr/bin/ld
configure:4473: checking if the linker (/usr/bin/ld) is GNU ld
configure:4488: result: yes
configure:4500: checking for BSD- or MS-compatible name lister (nm)
configure:4549: result: /usr/bin/nm -B
configure:4667: checking the name lister (/usr/bin/nm -B) interface
configure:4674: gcc -c -g -O2  conftest.c >&5
configure:4677: /usr/bin/nm -B "conftest.o"
configure:4680: output
00000000 B some_variable
configure:4687: result: BSD nm
configure:4690: checking whether ln -s works
configure:4694: result: yes
configure:4702: checking the maximum length of command line arguments
configure:4822: result: 1572864
configure:4839: checking whether the shell understands some XSI constructs
configure:4849: result: yes
configure:4853: checking whether the shell understands "+="
configure:4859: result: yes
configure:4894: checking for /usr/bin/ld option to reload object files
configure:4901: result: -r
configure:4970: checking for objdump
configure:4986: found /usr/bin/objdump
configure:4997: result: objdump
configure:5029: checking how to recognize dependent libraries
configure:5225: result: pass_all
configure:5285: checking for ar
configure:5301: found /usr/bin/ar
configure:5312: result: ar
configure:5390: checking for strip
configure:5406: found /usr/bin/strip
configure:5417: result: strip
configure:5489: checking for ranlib
configure:5505: found /usr/bin/ranlib
configure:5516: result: ranlib
configure:5606: checking command to parse /usr/bin/nm -B output from gcc object
configure:5724: gcc -c -g -O2  conftest.c >&5
configure:5727: $? = 0
configure:5731: /usr/bin/nm -B conftest.o \| sed -n -e 's/^.*[	 ]\([ABCDGIRSTW][ABCDGIRSTW]*\)[	 ][	 ]*\([_A-Za-z][_A-Za-z0-9]*\)$/\1 \2 \2/p' \> conftest.nm
configure:5734: $? = 0
configure:5788: gcc -o conftest -g -O2   conftest.c conftstm.o >&5
configure:5791: $? = 0
configure:5829: result: ok
configure:6638: checking how to run the C preprocessor
configure:6669: gcc -E  conftest.c
configure:6669: $? = 0
configure:6683: gcc -E  conftest.c
conftest.c:11:28: fatal error: ac_nonexistent.h: No such file or directory
compilation terminated.
configure:6683: $? = 1
configure: failed program was:
| /* confdefs.h */
| #define PACKAGE_NAME "mapi"
| #define PACKAGE_TARNAME "mapi"
| #define PACKAGE_VERSION "2.0-beta1"
| #define PACKAGE_STRING "mapi 2.0-beta1"
| #define PACKAGE_BUGREPORT "mapi@uninett.no"
| #define PACKAGE_URL ""
| #define PACKAGE "mapi"
| #define VERSION "2.0-beta1"
| /* end confdefs.h.  */
| #include <ac_nonexistent.h>
configure:6708: result: gcc -E
configure:6728: gcc -E  conftest.c
configure:6728: $? = 0
configure:6742: gcc -E  conftest.c
conftest.c:11:28: fatal error: ac_nonexistent.h: No such file or directory
compilation terminated.
configure:6742: $? = 1
configure: failed program was:
| /* confdefs.h */
| #define PACKAGE_NAME "mapi"
| #define PACKAGE_TARNAME "mapi"
| #define PACKAGE_VERSION "2.0-beta1"
| #define PACKAGE_STRING "mapi 2.0-beta1"
| #define PACKAGE_BUGREPORT "mapi@uninett.no"
| #define PACKAGE_URL ""
| #define PACKAGE "mapi"
| #define VERSION "2.0-beta1"
| /* end confdefs.h.  */
| #include <ac_nonexistent.h>
configure:6771: checking for ANSI C header files
configure:6791: gcc -c -g -O2  conftest.c >&5
configure:6791: $? = 0
configure:6864: gcc -o conftest -g -O2   conftest.c  >&5
configure:6864: $? = 0
configure:6864: ./conftest
configure:6864: $? = 0
configure:6875: result: yes
configure:6888: checking for sys/types.h
configure:6888: gcc -c -g -O2  conftest.c >&5
configure:6888: $? = 0
configure:6888: result: yes
configure:6888: checking for sys/stat.h
configure:6888: gcc -c -g -O2  conftest.c >&5
configure:6888: $? = 0
configure:6888: result: yes
configure:6888: checking for stdlib.h
configure:6888: gcc -c -g -O2  conftest.c >&5
configure:6888: $? = 0
configure:6888: result: yes
configure:6888: checking for string.h
configure:6888: gcc -c -g -O2  conftest.c >&5
configure:6888: $? = 0
configure:6888: result: yes
configure:6888: checking for memory.h
configure:6888: gcc -c -g -O2  conftest.c >&5
configure:6888: $? = 0
configure:6888: result: yes
configure:6888: checking for strings.h
configure:6888: gcc -c -g -O2  conftest.c >&5
configure:6888: $? = 0
configure:6888: result: yes
configure:6888: checking for inttypes.h
configure:6888: gcc -c -g -O2  conftest.c >&5
configure:6888: $? = 0
configure:6888: result: yes
configure:6888: checking for stdint.h
configure:6888: gcc -c -g -O2  conftest.c >&5
configure:6888: $? = 0
configure:6888: result: yes
configure:6888: checking for unistd.h
configure:6888: gcc -c -g -O2  conftest.c >&5
configure:6888: $? = 0
configure:6888: result: yes
configure:6902: checking for dlfcn.h
configure:6902: gcc -c -g -O2  conftest.c >&5
configure:6902: $? = 0
configure:6902: result: yes
configure:7054: checking for objdir
configure:7069: result: .libs
configure:7365: checking if gcc supports -fno-rtti -fno-exceptions
configure:7383: gcc -c -g -O2  -fno-rtti -fno-exceptions conftest.c >&5
cc1: warning: command line option '-fno-rtti' is valid for C++/ObjC++ but not for C [enabled by default]
configure:7387: $? = 0
configure:7400: result: no
configure:7420: checking for gcc option to produce PIC
configure:7692: result: -fPIC -DPIC
configure:7704: checking if gcc PIC flag -fPIC -DPIC works
configure:7722: gcc -c -g -O2  -fPIC -DPIC -DPIC conftest.c >&5
configure:7726: $? = 0
configure:7739: result: yes
configure:7763: checking if gcc static flag -static works
configure:7791: result: yes
configure:7806: checking if gcc supports -c -o file.o
configure:7827: gcc -c -g -O2  -o out/conftest2.o conftest.c >&5
configure:7831: $? = 0
configure:7853: result: yes
configure:7861: checking if gcc supports -c -o file.o
configure:7908: result: yes
configure:7941: checking whether the gcc linker (/usr/bin/ld) supports shared libraries
configure:8932: result: yes
configure:8969: checking whether -lc should be explicitly linked in
configure:8974: gcc -c -g -O2  conftest.c >&5
configure:8977: $? = 0
configure:8992: gcc -shared conftest.o  -v -Wl,-soname -Wl,conftest -o conftest 2\>\&1 \| /bin/grep  -lc  \>/dev/null 2\>\&1
configure:8995: $? = 0
configure:9007: result: no
configure:9171: checking dynamic linker characteristics
configure:9604: gcc -o conftest -g -O2   -Wl,-rpath -Wl,/foo conftest.c  >&5
configure:9604: $? = 0
configure:9834: result: GNU/Linux ld.so
configure:9936: checking how to hardcode library paths into programs
configure:9961: result: immediate
configure:10055: checking for shl_load
configure:10055: gcc -o conftest -g -O2   conftest.c  >&5
/tmp/ccv1P6Jx.o: In function `main':
/home/helios66/.work/mapi_uninett/conftest.c:57: undefined reference to `shl_load'
collect2: ld returned 1 exit status
configure:10055: $? = 1
configure: failed program was:
| /* confdefs.h */
| #define PACKAGE_NAME "mapi"
| #define PACKAGE_TARNAME "mapi"
| #define PACKAGE_VERSION "2.0-beta1"
| #define PACKAGE_STRING "mapi 2.0-beta1"
| #define PACKAGE_BUGREPORT "mapi@uninett.no"
| #define PACKAGE_URL ""
| #define PACKAGE "mapi"
| #define VERSION "2.0-beta1"
| #define STDC_HEADERS 1
| #define HAVE_SYS_TYPES_H 1
| #define HAVE_SYS_STAT_H 1
| #define HAVE_STDLIB_H 1
| #define HAVE_STRING_H 1
| #define HAVE_MEMORY_H 1
| #define HAVE_STRINGS_H 1
| #define HAVE_INTTYPES_H 1
| #define HAVE_STDINT_H 1
| #define HAVE_UNISTD_H 1
| #define HAVE_DLFCN_H 1
| #define LT_OBJDIR ".libs/"
| /* end confdefs.h.  */
| /* Define shl_load to an innocuous variant, in case <limits.h> declares shl_load.
|    For example, HP-UX 11i <limits.h> declares gettimeofday.  */
| #define shl_load innocuous_shl_load
| 
| /* System header to define __stub macros and hopefully few prototypes,
|     which can conflict with char shl_load (); below.
|     Prefer <limits.h> to <assert.h> if __STDC__ is defined, since
|     <limits.h> exists even on freestanding compilers.  */
| 
| #ifdef __STDC__
| # include <limits.h>
| #else
| # include <assert.h>
| #endif
| 
| #undef shl_load
| 
| /* Override any GCC internal prototype to avoid an error.
|    Use char because int might match the return type of a GCC
|    builtin and then its argument prototype would still apply.  */
| #ifdef __cplusplus
| extern "C"
| #endif
| char shl_load ();
| /* The GNU C library defines this for functions which it implements
|     to always fail with ENOSYS.  Some functions are actually named
|     something starting with __ and the normal name is an alias.  */
| #if defined __stub_shl_load || defined __stub___shl_load
| choke me
| #endif
| 
| int
| main ()
| {
| return shl_load ();
|   ;
|   return 0;
| }
configure:10055: result: no
configure:10059: checking for shl_load in -ldld
configure:10084: gcc -o conftest -g -O2   conftest.c -ldld   >&5
/usr/bin/ld: cannot find -ldld
collect2: ld returned 1 exit status
configure:10084: $? = 1
configure: failed program was:
| /* confdefs.h */
| #define PACKAGE_NAME "mapi"
| #define PACKAGE_TARNAME "mapi"
| #define PACKAGE_VERSION "2.0-beta1"
| #define PACKAGE_STRING "mapi 2.0-beta1"
| #define PACKAGE_BUGREPORT "mapi@uninett.no"
| #define PACKAGE_URL ""
| #define PACKAGE "mapi"
| #define VERSION "2.0-beta1"
| #define STDC_HEADERS 1
| #define HAVE_SYS_TYPES_H 1
| #define HAVE_SYS_STAT_H 1
| #define HAVE_STDLIB_H 1
| #define HAVE_STRING_H 1
| #define HAVE_MEMORY_H 1
| #define HAVE_STRINGS_H 1
| #define HAVE_INTTYPES_H 1
| #define HAVE_STDINT_H 1
| #define HAVE_UNISTD_H 1
| #define HAVE_DLFCN_H 1
| #define LT_OBJDIR ".libs/"
| /* end confdefs.h.  */
| 
| /* Override any GCC internal prototype to avoid an error.
|    Use char because int might match the return type of a GCC
|    builtin and then its argument prototype would still apply.  */
| #ifdef __cplusplus
| extern "C"
| #endif
| char shl_load ();
| int
| main ()
| {
| return shl_load ();
|   ;
|   return 0;
| }
configure:10093: result: no
configure:10098: checking for dlopen
configure:10098: gcc -o conftest -g -O2   conftest.c  >&5
/tmp/ccpvODwE.o: In function `main':
/home/helios66/.work/mapi_uninett/conftest.c:57: undefined reference to `dlopen'
collect2: ld returned 1 exit status
configure:10098: $? = 1
configure: failed program was:
| /* confdefs.h */
| #define PACKAGE_NAME "mapi"
| #define PACKAGE_TARNAME "mapi"
| #define PACKAGE_VERSION "2.0-beta1"
| #define PACKAGE_STRING "mapi 2.0-beta1"
| #define PACKAGE_BUGREPORT "mapi@uninett.no"
| #define PACKAGE_URL ""
| #define PACKAGE "mapi"
| #define VERSION "2.0-beta1"
| #define STDC_HEADERS 1
| #define HAVE_SYS_TYPES_H 1
| #define HAVE_SYS_STAT_H 1
| #define HAVE_STDLIB_H 1
| #define HAVE_STRING_H 1
| #define HAVE_MEMORY_H 1
| #define HAVE_STRINGS_H 1
| #define HAVE_INTTYPES_H 1
| #define HAVE_STDINT_H 1
| #define HAVE_UNISTD_H 1
| #define HAVE_DLFCN_H 1
| #define LT_OBJDIR ".libs/"
| /* end confdefs.h.  */
| /* Define dlopen to an innocuous variant, in case <limits.h> declares dlopen.
|    For example, HP-UX 11i <limits.h> declares gettimeofday.  */
| #define dlopen innocuous_dlopen
| 
| /* System header to define __stub macros and hopefully few prototypes,
|     which can conflict with char dlopen (); below.
|     Prefer <limits.h> to <assert.h> if __STDC__ is defined, since
|     <limits.h> exists even on freestanding compilers.  */
| 
| #ifdef __STDC__
| # include <limits.h>
| #else
| # include <assert.h>
| #endif
| 
| #undef dlopen
| 
| /* Override any GCC internal prototype to avoid an error.
|    Use char because int might match the return type of a GCC
|    builtin and then its argument prototype would still apply.  */
| #ifdef __cplusplus
| extern "C"
| #endif
| char dlopen ();
| /* The GNU C library defines this for functions which it implements
|     to always fail with ENOSYS.  Some functions are actually named
|     something starting with __ and the normal name is an alias.  */
| #if defined __stub_dlopen || defined __stub___dlopen
| choke me
| #endif
| 
| int
| main ()
| {
| return dlopen ();
|   ;
|   return 0;
| }
configure:10098: result: no
configure:10102: checking for dlopen in -ldl
configure:10127: gcc -o conftest -g -O2   conftest.c -ldl   >&5
configure:10127: $? = 0
configure:10136: result: yes
configure:10255: checking whether a program can dlopen itself
configure:10325: gcc -o conftest -g -O2  -DHAVE_DLFCN_H  -Wl,--export-dynamic conftest.c -ldl  >&5
configure:10328: $? = 0
configure:10346: result: yes
configure:10351: checking whether a statically linked program can dlopen itself
configure:10421: gcc -o conftest -g -O2  -DHAVE_DLFCN_H  -Wl,--export-dynamic -static conftest.c -ldl  >&5
/tmp/cchVDglT.o: In function `main':
/home/helios66/.work/mapi_uninett/configure:10405: warning: Using 'dlopen' in statically linked applications requires at runtime the shared libraries from the glibc version used for linking
/usr/bin/ld: dynamic STT_GNU_IFUNC symbol `strcmp' with pointer equality in `/usr/lib/gcc/i686-linux-gnu/4.6/../../../i386-linux-gnu/libc.a(strcmp.o)' can not be used when making an executable; recompile with -fPIE and relink with -pie
collect2: ld returned 1 exit status
configure:10424: $? = 1
configure:10442: result: no
configure:10481: checking whether stripping libraries is possible
configure:10486: result: yes
configure:10521: checking if libtool supports shared libraries
configure:10523: result: yes
configure:10526: checking whether to build shared libraries
configure:10547: result: yes
configure:10550: checking whether to build static libraries
configure:10554: result: no
configure:10591: header files ------------------------------------------------
configure:10593: checking for ANSI C header files
configure:10697: result: yes
configure:10708: checking arpa/inet.h usability
configure:10708: gcc -c -g -O2  conftest.c >&5
configure:10708: $? = 0
configure:10708: result: yes
configure:10708: checking arpa/inet.h presence
configure:10708: gcc -E  conftest.c
configure:10708: $? = 0
configure:10708: result: yes
configure:10708: checking for arpa/inet.h
configure:10708: result: yes
configure:10708: checking fcntl.h usability
configure:10708: gcc -c -g -O2  conftest.c >&5
configure:10708: $? = 0
configure:10708: result: yes
configure:10708: checking fcntl.h presence
configure:10708: gcc -E  conftest.c
configure:10708: $? = 0
configure:10708: result: yes
configure:10708: checking for fcntl.h
configure:10708: result: yes
configure:10708: checking malloc.h usability
configure:10708: gcc -c -g -O2  conftest.c >&5
configure:10708: $? = 0
configure:10708: result: yes
configure:10708: checking malloc.h presence
configure:10708: gcc -E  conftest.c
configure:10708: $? = 0
configure:10708: result: yes
configure:10708: checking for malloc.h
configure:10708: result: yes
configure:10708: checking netdb.h usability
configure:10708: gcc -c -g -O2  conftest.c >&5
configure:10708: $? = 0
configure:10708: result: yes
configure:10708: checking netdb.h presence
configure:10708: gcc -E  conftest.c
configure:10708: $? = 0
configure:10708: result: yes
configure:10708: checking for netdb.h
configure:10708: result: yes
configure:10708: checking netinet/in.h usability
configure:10708: gcc -c -g -O2  conftest.c >&5
configure:10708: $? = 0
configure:10708: result: yes
configure:10708: checking netinet/in.h presence
configure:10708: gcc -E  conftest.c
configure:10708: $? = 0
configure:10708: result: yes
configure:10708: checking for netinet/in.h
configure:10708: result: yes
configure:10708: checking stddef.h usability
configure:10708: gcc -c -g -O2  conftest.c >&5
configure:10708: $? = 0
configure:10708: result: yes
configure:10708: checking stddef.h presence
configure:10708: gcc -E  conftest.c
configure:10708: $? = 0
configure:10708: result: yes
configure:10708: checking for stddef.h
configure:10708: result: yes
configure:10708: checking for stdint.h
configure:10708: result: yes
configure:10708: checking for stdlib.h
configure:10708: result: yes
configure:10708: checking for string.h
configure:10708: result: yes
configure:10708: checking sys/file.h usability
configure:10708: gcc -c -g -O2  conftest.c >&5
configure:10708: $? = 0
configure:10708: result: yes
configure:10708: checking sys/file.h presence
configure:10708: gcc -E  conftest.c
configure:10708: $? = 0
configure:10708: result: yes
configure:10708: checking for sys/file.h
configure:10708: result: yes
configure:10708: checking sys/socket.h usability
configure:10708: gcc -c -g -O2  conftest.c >&5
configure:10708: $? = 0
configure:10708: result: yes
configure:10708: checking sys/socket.h presence
configure:10708: gcc -E  conftest.c
configure:10708: $? = 0
configure:10708: result: yes
configure:10708: checking for sys/socket.h
configure:10708: result: yes
configure:10708: checking sys/time.h usability
configure:10708: gcc -c -g -O2  conftest.c >&5
configure:10708: $? = 0
configure:10708: result: yes
configure:10708: checking sys/time.h presence
configure:10708: gcc -E  conftest.c
configure:10708: $? = 0
configure:10708: result: yes
configure:10708: checking for sys/time.h
configure:10708: result: yes
configure:10708: checking syslog.h usability
configure:10708: gcc -c -g -O2  conftest.c >&5
configure:10708: $? = 0
configure:10708: result: yes
configure:10708: checking syslog.h presence
configure:10708: gcc -E  conftest.c
configure:10708: $? = 0
configure:10708: result: yes
configure:10708: checking for syslog.h
configure:10708: result: yes
configure:10708: checking for unistd.h
configure:10708: result: yes
configure:10708: checking zlib.h usability
configure:10708: gcc -c -g -O2  conftest.c >&5
configure:10708: $? = 0
configure:10708: result: yes
configure:10708: checking zlib.h presence
configure:10708: gcc -E  conftest.c
configure:10708: $? = 0
configure:10708: result: yes
configure:10708: checking for zlib.h
configure:10708: result: yes
configure:10708: checking sys/ethernet.h usability
configure:10708: gcc -c -g -O2  conftest.c >&5
conftest.c:72:26: fatal error: sys/ethernet.h: No such file or directory
compilation terminated.
configure:10708: $? = 1
configure: failed program was:
| /* confdefs.h */
| #define PACKAGE_NAME "mapi"
| #define PACKAGE_TARNAME "mapi"
| #define PACKAGE_VERSION "2.0-beta1"
| #define PACKAGE_STRING "mapi 2.0-beta1"
| #define PACKAGE_BUGREPORT "mapi@uninett.no"
| #define PACKAGE_URL ""
| #define PACKAGE "mapi"
| #define VERSION "2.0-beta1"
| #define STDC_HEADERS 1
| #define HAVE_SYS_TYPES_H 1
| #define HAVE_SYS_STAT_H 1
| #define HAVE_STDLIB_H 1
| #define HAVE_STRING_H 1
| #define HAVE_MEMORY_H 1
| #define HAVE_STRINGS_H 1
| #define HAVE_INTTYPES_H 1
| #define HAVE_STDINT_H 1
| #define HAVE_UNISTD_H 1
| #define HAVE_DLFCN_H 1
| #define LT_OBJDIR ".libs/"
| #define STDC_HEADERS 1
| #define HAVE_ARPA_INET_H 1
| #define HAVE_FCNTL_H 1
| #define HAVE_MALLOC_H 1
| #define HAVE_NETDB_H 1
| #define HAVE_NETINET_IN_H 1
| #define HAVE_STDDEF_H 1
| #define HAVE_STDINT_H 1
| #define HAVE_STDLIB_H 1
| #define HAVE_STRING_H 1
| #define HAVE_SYS_FILE_H 1
| #define HAVE_SYS_SOCKET_H 1
| #define HAVE_SYS_TIME_H 1
| #define HAVE_SYSLOG_H 1
| #define HAVE_UNISTD_H 1
| #define HAVE_ZLIB_H 1
| /* end confdefs.h.  */
| #include <stdio.h>
| #ifdef HAVE_SYS_TYPES_H
| # include <sys/types.h>
| #endif
| #ifdef HAVE_SYS_STAT_H
| # include <sys/stat.h>
| #endif
| #ifdef STDC_HEADERS
| # include <stdlib.h>
| # include <stddef.h>
| #else
| # ifdef HAVE_STDLIB_H
| #  include <stdlib.h>
| # endif
| #endif
| #ifdef HAVE_STRING_H
| # if !defined STDC_HEADERS && defined HAVE_MEMORY_H
| #  include <memory.h>
| # endif
| # include <string.h>
| #endif
| #ifdef HAVE_STRINGS_H
| # include <strings.h>
| #endif
| #ifdef HAVE_INTTYPES_H
| # include <inttypes.h>
| #endif
| #ifdef HAVE_STDINT_H
| # include <stdint.h>
| #endif
| #ifdef HAVE_UNISTD_H
| # include <unistd.h>
| #endif
| #include <sys/ethernet.h>
configure:10708: result: no
configure:10708: checking sys/ethernet.h presence
configure:10708: gcc -E  conftest.c
conftest.c:39:26: fatal error: sys/ethernet.h: No such file or directory
compilation terminated.
configure:10708: $? = 1
configure: failed program was:
| /* confdefs.h */
| #define PACKAGE_NAME "mapi"
| #define PACKAGE_TARNAME "mapi"
| #define PACKAGE_VERSION "2.0-beta1"
| #define PACKAGE_STRING "mapi 2.0-beta1"
| #define PACKAGE_BUGREPORT "mapi@uninett.no"
| #define PACKAGE_URL ""
| #define PACKAGE "mapi"
| #define VERSION "2.0-beta1"
| #define STDC_HEADERS 1
| #define HAVE_SYS_TYPES_H 1
| #define HAVE_SYS_STAT_H 1
| #define HAVE_STDLIB_H 1
| #define HAVE_STRING_H 1
| #define HAVE_MEMORY_H 1
| #define HAVE_STRINGS_H 1
| #define HAVE_INTTYPES_H 1
| #define HAVE_STDINT_H 1
| #define HAVE_UNISTD_H 1
| #define HAVE_DLFCN_H 1
| #define LT_OBJDIR ".libs/"
| #define STDC_HEADERS 1
| #define HAVE_ARPA_INET_H 1
| #define HAVE_FCNTL_H 1
| #define HAVE_MALLOC_H 1
| #define HAVE_NETDB_H 1
| #define HAVE_NETINET_IN_H 1
| #define HAVE_STDDEF_H 1
| #define HAVE_STDINT_H 1
| #define HAVE_STDLIB_H 1
| #define HAVE_STRING_H 1
| #define HAVE_SYS_FILE_H 1
| #define HAVE_SYS_SOCKET_H 1
| #define HAVE_SYS_TIME_H 1
| #define HAVE_SYSLOG_H 1
| #define HAVE_UNISTD_H 1
| #define HAVE_ZLIB_H 1
| /* end confdefs.h.  */
| #include <sys/ethernet.h>
configure:10708: result: no
configure:10708: checking for sys/ethernet.h
configure:10708: result: no
configure:10708: checking net/ethernet.h usability
configure:10708: gcc -c -g -O2  conftest.c >&5
configure:10708: $? = 0
configure:10708: result: yes
configure:10708: checking net/ethernet.h presence
configure:10708: gcc -E  conftest.c
configure:10708: $? = 0
configure:10708: result: yes
configure:10708: checking for net/ethernet.h
configure:10708: result: yes
configure:10724: checking size of char
configure:10729: gcc -o conftest -g -O2   conftest.c  >&5
configure:10729: $? = 0
configure:10729: ./conftest
configure:10729: $? = 0
configure:10743: result: 1
configure:10757: checking size of short int
configure:10762: gcc -o conftest -g -O2   conftest.c  >&5
configure:10762: $? = 0
configure:10762: ./conftest
configure:10762: $? = 0
configure:10776: result: 2
configure:10790: checking size of int
configure:10795: gcc -o conftest -g -O2   conftest.c  >&5
configure:10795: $? = 0
configure:10795: ./conftest
configure:10795: $? = 0
configure:10809: result: 4
configure:10823: checking size of long int
configure:10828: gcc -o conftest -g -O2   conftest.c  >&5
configure:10828: $? = 0
configure:10828: ./conftest
configure:10828: $? = 0
configure:10842: result: 4
configure:10856: checking size of long long int
configure:10861: gcc -o conftest -g -O2   conftest.c  >&5
configure:10861: $? = 0
configure:10861: ./conftest
configure:10861: $? = 0
configure:10875: result: 8
configure:10886: checking for intXX_t types
configure:10903: gcc -c -g -O2  conftest.c >&5
configure:10903: $? = 0
configure:10912: result: yes
configure:10964: checking for int64_t type
configure:10981: gcc -c -g -O2  conftest.c >&5
configure:10981: $? = 0
configure:10990: result: yes
configure:11029: checking for u_intXX_t types
configure:11046: gcc -c -g -O2  conftest.c >&5
configure:11046: $? = 0
configure:11055: result: yes
configure:11106: checking for u_int64_t types
configure:11123: gcc -c -g -O2  conftest.c >&5
configure:11123: $? = 0
configure:11132: result: yes
configure:11184: checking for uintXX_t types in stdint.h
configure:11197: gcc -c -g -O2  conftest.c >&5
configure:11197: $? = 0
configure:11208: result: yes
configure:11226: MAPI options ------------------------------------------------
configure:11261: checking if distributed monitoring (DiMAPI) is enabled
configure:11294: result: yes
configure:11302: checking if reconnection of client is enabled
configure:11330: result: no
configure:11345: checking if SSL for DiMAPI is enabled
configure:11377: result: no
configure:11392: checking if DAG cards support is enabled
configure:11431: result: no
configure:11437: checking if ENP2611 cards support is enabled
configure:11469: checking if Napatech-X cards support is enabled
configure:11508: result: no
configure:11514: checking if NAPATECH cards support is enabled
configure:11555: result: no
configure:11564: checking if the traffic characterization library is enabled
configure:11590: result: yes
configure:11598: checking if the Ruler interface library is enabled
configure:11630: result: no
configure:11635: checking if the anonymization library is enabled
configure:11661: result: yes
configure:11669: checking if the appmon application is enabled
configure:11694: result: no
configure:11699: checking if the ipfix library is enabled
configure:11727: result: no
configure:11733: checking if the extra functions library is enabled
configure:11760: result: yes
configure:11771: checking if authentication is enabled
configure:11811: result: no
configure:11818: checking if function statistics are enabled
configure:11838: result: no
configure:11843: checking if locking is enabled in mapidlib
configure:11856: result: yes
configure:11865: libraries ---------------------------------------------------
configure:11871: checking for libpcap
configure:11908: result: yes
configure:11919: checking for libdag
configure:11967: result: no
configure:11980: checking for libnapatech
configure:12043: result: no
configure:12109: checking nids.h usability
configure:12109: gcc -c -g -O2  conftest.c >&5
configure:12109: $? = 0
configure:12109: result: yes
configure:12109: checking nids.h presence
configure:12109: gcc -E  conftest.c
configure:12109: $? = 0
configure:12109: result: yes
configure:12109: checking for nids.h
configure:12109: result: yes
configure:12130: checking for nids_pcap_handler in -lnids
configure:12155: gcc -o conftest -g -O2    -lnids conftest.c -lnids   >&5
configure:12155: $? = 0
configure:12164: result: yes
configure:12257: checking pcre.h usability
configure:12257: gcc -c -g -O2   conftest.c >&5
configure:12257: $? = 0
configure:12257: result: yes
configure:12257: checking pcre.h presence
configure:12257: gcc -E   conftest.c
configure:12257: $? = 0
configure:12257: result: yes
configure:12257: checking for pcre.h
configure:12257: result: yes
configure:12274: checking for pcre_compile in -lpcre
configure:12299: gcc -o conftest -g -O2    -L/usr/lib/i386-linux-gnu -lpcre conftest.c -lpcre   >&5
configure:12299: $? = 0
configure:12308: result: yes
configure:12407: checking for floor in -lm
configure:12432: gcc -o conftest -g -O2   conftest.c -lm   >&5
conftest.c:76:6: warning: conflicting types for built-in function 'floor' [enabled by default]
configure:12432: $? = 0
configure:12441: result: yes
configure:12452: checking for sem_wait in -lrt
configure:12477: gcc -o conftest -g -O2   conftest.c -lrt  -lm  >&5
/tmp/ccKcWXzG.o: In function `main':
/home/helios66/.work/mapi_uninett/conftest.c:81: undefined reference to `sem_wait'
collect2: ld returned 1 exit status
configure:12477: $? = 1
configure: failed program was:
| /* confdefs.h */
| #define PACKAGE_NAME "mapi"
| #define PACKAGE_TARNAME "mapi"
| #define PACKAGE_VERSION "2.0-beta1"
| #define PACKAGE_STRING "mapi 2.0-beta1"
| #define PACKAGE_BUGREPORT "mapi@uninett.no"
| #define PACKAGE_URL ""
| #define PACKAGE "mapi"
| #define VERSION "2.0-beta1"
| #define STDC_HEADERS 1
| #define HAVE_SYS_TYPES_H 1
| #define HAVE_SYS_STAT_H 1
| #define HAVE_STDLIB_H 1
| #define HAVE_STRING_H 1
| #define HAVE_MEMORY_H 1
| #define HAVE_STRINGS_H 1
| #define HAVE_INTTYPES_H 1
| #define HAVE_STDINT_H 1
| #define HAVE_UNISTD_H 1
| #define HAVE_DLFCN_H 1
| #define LT_OBJDIR ".libs/"
| #define STDC_HEADERS 1
| #define HAVE_ARPA_INET_H 1
| #define HAVE_FCNTL_H 1
| #define HAVE_MALLOC_H 1
| #define HAVE_NETDB_H 1
| #define HAVE_NETINET_IN_H 1
| #define HAVE_STDDEF_H 1
| #define HAVE_STDINT_H 1
| #define HAVE_STDLIB_H 1
| #define HAVE_STRING_H 1
| #define HAVE_SYS_FILE_H 1
| #define HAVE_SYS_SOCKET_H 1
| #define HAVE_SYS_TIME_H 1
| #define HAVE_SYSLOG_H 1
| #define HAVE_UNISTD_H 1
| #define HAVE_ZLIB_H 1
| #define HAVE_NET_ETHERNET_H 1
| #define SIZEOF_CHAR 1
| #define SIZEOF_SHORT_INT 2
| #define SIZEOF_INT 4
| #define SIZEOF_LONG_INT 4
| #define SIZEOF_LONG_LONG_INT 8
| #define HAVE_INT8_T 1
| #define HAVE_INT16_T 1
| #define HAVE_INT32_T 1
| #define HAVE_INT64_T 1
| #define HAVE_U_INT8_T 1
| #define HAVE_U_INT16_T 1
| #define HAVE_U_INT32_T 1
| #define HAVE_U_INT64_T 1
| #define HAVE_UINT8_T 1
| #define HAVE_UINT16_T 1
| #define HAVE_UINT32_T 1
| #define CONF_FILE "mapi.conf"
| #define MAPICOMMD_SSL_KEY_FILE "mapicommd_key.pem"
| #define MAPICOMMD_SSL_CERT_FILE "mapicommd_cert.pem"
| #define DEBUG 1
| #define VALGRIND 1
| #define MAPI_GROUP_NAME "mapi"
| #define DIMAPI 1
| #define TRACKFLIB_COMPILED 1
| #define WITH_MODIFY_PKTS 1
| #define WITH_MODIFY_PKTS 1
| #define WITH_LOCKING 1
| #define HAVE_LIBNIDS 1
| #define HAVE_LIBPCRE 1
| #define HAVE_LIBM 1
| /* end confdefs.h.  */
| 
| /* Override any GCC internal prototype to avoid an error.
|    Use char because int might match the return type of a GCC
|    builtin and then its argument prototype would still apply.  */
| #ifdef __cplusplus
| extern "C"
| #endif
| char sem_wait ();
| int
| main ()
| {
| return sem_wait ();
|   ;
|   return 0;
| }
configure:12486: result: no
configure:12564: generating files --------------------------------------------
configure:12759: creating ./config.status

## ---------------------- ##
## Running config.status. ##
## ---------------------- ##

This file was extended by mapi config.status 2.0-beta1, which was
generated by GNU Autoconf 2.67.  Invocation command line was

  CONFIG_FILES    = 
  CONFIG_HEADERS  = 
  CONFIG_LINKS    = 
  CONFIG_COMMANDS = 
  $ ./config.status 

on helios66-ubu-pc

config.status:1211: creating Makefile
config.status:1211: creating src/Makefile
config.status:1211: creating src/common/Makefile
config.status:1211: creating src/lib/Makefile
config.status:1211: creating src/drivers/Makefile
config.status:1211: creating src/stdflib/Makefile
config.status:1211: creating src/trackflib/Makefile
config.status:1211: creating src/rulerflib/Makefile
config.status:1211: creating src/ipfixflib/Makefile
config.status:1211: creating src/anonflib/Makefile
config.status:1211: creating src/dagflib/Makefile
config.status:1211: creating src/dagflib/bpfcompiler/Makefile
config.status:1211: creating src/dagflib/bpfcompiler/pcap/Makefile
config.status:1211: creating src/napatechflib/Makefile
config.status:1211: creating src/extraflib/Makefile
config.status:1211: creating applications/Makefile
config.status:1211: creating applications/appmon/Makefile
config.status:1211: creating applications/mapidump/Makefile
config.status:1211: creating doc/Makefile
config.status:1211: creating etc/Makefile
config.status:1211: creating etc/mapi.conf
config.status:1211: creating config.h
config.status:1444: executing libtool commands

## ---------------- ##
## Cache variables. ##
## ---------------- ##

ac_cv_build=i686-pc-linux-gnu
ac_cv_c_compiler_gnu=yes
ac_cv_env_CC_set=
ac_cv_env_CC_value=
ac_cv_env_CFLAGS_set=
ac_cv_env_CFLAGS_value=
ac_cv_env_CPPFLAGS_set=
ac_cv_env_CPPFLAGS_value=
ac_cv_env_CPP_set=
ac_cv_env_CPP_value=
ac_cv_env_LDFLAGS_set=
ac_cv_env_LDFLAGS_value=
ac_cv_env_LIBS_set=
ac_cv_env_LIBS_value=
ac_cv_env_MAPI_GROUP_set=
ac_cv_env_MAPI_GROUP_value=
ac_cv_env_build_alias_set=
ac_cv_env_build_alias_value=
ac_cv_env_host_alias_set=
ac_cv_env_host_alias_value=
ac_cv_env_target_alias_set=
ac_cv_env_target_alias_value=
ac_cv_func_dlopen=no
ac_cv_func_shl_load=no
ac_cv_have_int64_t=yes
ac_cv_have_intxx_t=yes
ac_cv_have_u_int64_t=yes
ac_cv_have_u_intxx_t=yes
ac_cv_header_arpa_inet_h=yes
ac_cv_header_dlfcn_h=yes
ac_cv_header_fcntl_h=yes
ac_cv_header_inttypes_h=yes
ac_cv_header_malloc_h=yes
ac_cv_header_memory_h=yes
ac_cv_header_net_ethernet_h=yes
ac_cv_header_netdb_h=yes
ac_cv_header_netinet_in_h=yes
ac_cv_header_nids_h=yes
ac_cv_header_pcre_h=yes
ac_cv_header_stdc=yes
ac_cv_header_stddef_h=yes
ac_cv_header_stdint_h=yes
ac_cv_header_stdlib_h=yes
ac_cv_header_string_h=yes
ac_cv_header_strings_h=yes
ac_cv_header_sys_ethernet_h=no
ac_cv_header_sys_file_h=yes
ac_cv_header_sys_socket_h=yes
ac_cv_header_sys_stat_h=yes
ac_cv_header_sys_time_h=yes
ac_cv_header_sys_types_h=yes
ac_cv_header_syslog_h=yes
ac_cv_header_unistd_h=yes
ac_cv_header_zlib_h=yes
ac_cv_host=i686-pc-linux-gnu
ac_cv_lib_dl_dlopen=yes
ac_cv_lib_dld_shl_load=no
ac_cv_lib_m_floor=yes
ac_cv_lib_nids_nids_pcap_handler=yes
ac_cv_lib_pcre_pcre_compile=yes
ac_cv_lib_rt_sem_wait=no
ac_cv_objext=o
ac_cv_path_EGREP='/bin/grep -E'
ac_cv_path_FGREP='/bin/grep -F'
ac_cv_path_GREP=/bin/grep
ac_cv_path_SED=/bin/sed
ac_cv_path_ac_mapi_groupadd=/usr/sbin/groupadd
ac_cv_path_install='/usr/bin/install -c'
ac_cv_path_mkdir=/bin/mkdir
ac_cv_prog_AWK=mawk
ac_cv_prog_CPP='gcc -E'
ac_cv_prog_ac_ct_AR=ar
ac_cv_prog_ac_ct_CC=gcc
ac_cv_prog_ac_ct_OBJDUMP=objdump
ac_cv_prog_ac_ct_RANLIB=ranlib
ac_cv_prog_ac_ct_STRIP=strip
ac_cv_prog_cc_c89=
ac_cv_prog_cc_g=yes
ac_cv_prog_make_make_set=yes
ac_cv_sizeof_char=1
ac_cv_sizeof_int=4
ac_cv_sizeof_long_int=4
ac_cv_sizeof_long_long_int=8
ac_cv_sizeof_short_int=2
lt_cv_deplibs_check_method=pass_all
lt_cv_dlopen=dlopen
lt_cv_dlopen_libs=-ldl
lt_cv_dlopen_self=yes
lt_cv_dlopen_self_static=no
lt_cv_file_magic_cmd='$MAGIC_CMD'
lt_cv_file_magic_test_file=
lt_cv_ld_reload_flag=-r
lt_cv_nm_interface='BSD nm'
lt_cv_objdir=.libs
lt_cv_path_LD=/usr/bin/ld
lt_cv_path_NM='/usr/bin/nm -B'
lt_cv_prog_compiler_c_o=yes
lt_cv_prog_compiler_pic_works=yes
lt_cv_prog_compiler_rtti_exceptions=no
lt_cv_prog_compiler_static_works=yes
lt_cv_prog_gnu_ld=yes
lt_cv_sys_global_symbol_pipe='sed -n -e '\''s/^.*[	 ]\([ABCDGIRSTW][ABCDGIRSTW]*\)[	 ][	 ]*\([_A-Za-z][_A-Za-z0-9]*\)$/\1 \2 \2/p'\'''
lt_cv_sys_global_symbol_to_c_name_address='sed -n -e '\''s/^: \([^ ]*\) $/  {\"\1\", (void *) 0},/p'\'' -e '\''s/^[ABCDGIRSTW]* \([^ ]*\) \([^ ]*\)$/  {"\2", (void *) \&\2},/p'\'''
lt_cv_sys_global_symbol_to_c_name_address_lib_prefix='sed -n -e '\''s/^: \([^ ]*\) $/  {\"\1\", (void *) 0},/p'\'' -e '\''s/^[ABCDGIRSTW]* \([^ ]*\) \(lib[^ ]*\)$/  {"\2", (void *) \&\2},/p'\'' -e '\''s/^[ABCDGIRSTW]* \([^ ]*\) \([^ ]*\)$/  {"lib\2", (void *) \&\2},/p'\'''
lt_cv_sys_global_symbol_to_cdecl='sed -n -e '\''s/^T .* \(.*\)$/extern int \1();/p'\'' -e '\''s/^[ABCDGIRSTW]* .* \(.*\)$/extern char \1;/p'\'''
lt_cv_sys_max_cmd_len=1572864

## ----------------- ##
## Output variables. ##
## ----------------- ##

ACLOCAL='${SHELL} /home/helios66/.work/mapi_uninett/config/missing --run aclocal-1.11'
AMTAR='${SHELL} /home/helios66/.work/mapi_uninett/config/missing --run tar'
AR='ar'
AUTOCONF='${SHELL} /home/helios66/.work/mapi_uninett/config/missing --run autoconf'
AUTOHEADER='${SHELL} /home/helios66/.work/mapi_uninett/config/missing --run autoheader'
AUTOMAKE='${SHELL} /home/helios66/.work/mapi_uninett/config/missing --run automake-1.11'
AWK='mawk'
BINARY_ANONFLIB_FALSE='#'
BINARY_ANONFLIB_TRUE=''
BINARY_APPMON_FALSE=''
BINARY_APPMON_TRUE='#'
BINARY_AUTHENTICATION_FALSE=''
BINARY_AUTHENTICATION_TRUE='#'
BINARY_DAGFLIB_FALSE=''
BINARY_DAGFLIB_TRUE='#'
BINARY_DIMAPI_FALSE='#'
BINARY_DIMAPI_TRUE=''
BINARY_ENP2611FLIB_FALSE=''
BINARY_ENP2611FLIB_TRUE='#'
BINARY_EXTRAFLIB_FALSE='#'
BINARY_EXTRAFLIB_TRUE=''
BINARY_IPFIXFLIB_FALSE=''
BINARY_IPFIXFLIB_TRUE='#'
BINARY_NAPATECHFLIB_FALSE=''
BINARY_NAPATECHFLIB_TRUE='#'
BINARY_RECONNECT_FALSE=''
BINARY_RECONNECT_TRUE='#'
BINARY_RULERFLIB_FALSE=''
BINARY_RULERFLIB_TRUE='#'
BINARY_TRACKFLIB_FALSE='#'
BINARY_TRACKFLIB_TRUE=''
CC='gcc'
CFLAGS='-g -W -Wall -Wcast-align -Wpointer-arith'
CONFDIR='/usr/local/etc/mapi'
CPP='gcc -E'
CPPFLAGS=''
CYGPATH_W='echo'
DAGINC=''
DAGLIB=''
DATADIR='/usr/local/share/mapi'
DEFS='-DHAVE_CONFIG_H'
DRIVER_DAG_FALSE=''
DRIVER_DAG_TRUE='#'
DRIVER_ENP2611_FALSE=''
DRIVER_ENP2611_TRUE='#'
DRIVER_NAPATECH_FALSE=''
DRIVER_NAPATECH_TRUE='#'
DRIVER_NAPATECH_X_FALSE=''
DRIVER_NAPATECH_X_TRUE='#'
DSYMUTIL=''
DUMPBIN=''
ECHO_C=''
ECHO_N='-n'
ECHO_T=''
EGREP='/bin/grep -E'
EXEEXT=''
FGREP='/bin/grep -F'
GREP='/bin/grep'
GROUPADD='/usr/sbin/groupadd'
INSTALL_DATA='${INSTALL} -m 644'
INSTALL_PROGRAM='${INSTALL}'
INSTALL_SCRIPT='${INSTALL}'
INSTALL_STRIP_PROGRAM='$(install_sh) -c -s'
LD='/usr/bin/ld'
LDFLAGS=''
LIBOBJS=''
LIBS=''
LIBTOOL='$(SHELL) $(top_builddir)/libtool'
LIB_DIMAPI_FALSE='#'
LIB_DIMAPI_TRUE=''
LIPO=''
LN_S='ln -s'
LTLIBOBJS=''
MAKEINFO='${SHELL} /home/helios66/.work/mapi_uninett/config/missing --run makeinfo'
MAPI_FUNC_LIBS='stdflib.so:trackflib.so:anonflib.so:extraflib.so'
MAPI_GROUP='mapi'
MKDIR_P='/bin/mkdir -p'
NAPATECHINC=''
NAPATECHLIB=''
NIDSINC=''
NIDSLIB=' -lnids'
NM='/usr/bin/nm -B'
NMEDIT=''
OBJDUMP='objdump'
OBJEXT='o'
OTOOL64=''
OTOOL=''
PACKAGE='mapi'
PACKAGE_BUGREPORT='mapi@uninett.no'
PACKAGE_NAME='mapi'
PACKAGE_STRING='mapi 2.0-beta1'
PACKAGE_TARNAME='mapi'
PACKAGE_URL=''
PACKAGE_VERSION='2.0-beta1'
PATH_SEPARATOR=':'
PCAPINC='-I/usr/include/pcap'
PCAPLIB='-lpcap'
PCREINC=''
PCRELIB='-L/usr/lib/i386-linux-gnu -lpcre'
RANLIB='ranlib'
RECONNECTION_IS_ENABLED_FALSE=''
RECONNECTION_IS_ENABLED_TRUE='#'
SED='/bin/sed'
SET_MAKE=''
SHELL='/bin/bash'
SSLINC=''
SSLLIB=''
SSL_IS_ENABLED_FALSE=''
SSL_IS_ENABLED_TRUE='#'
STRIP='strip'
VERSION='2.0-beta1'
ac_ct_CC='gcc'
ac_ct_DUMPBIN=''
ac_mapi_groupadd='/usr/sbin/groupadd'
am__EXEEXT_FALSE=''
am__EXEEXT_TRUE='#'
am__isrc=''
am__leading_dot='.'
am__tar='${AMTAR} chof - "$$tardir"'
am__untar='${AMTAR} xf -'
bindir='${exec_prefix}/bin'
build='i686-pc-linux-gnu'
build_alias=''
build_cpu='i686'
build_os='linux-gnu'
build_vendor='pc'
datadir='${datarootdir}'
datarootdir='${prefix}/share'
docdir='${datarootdir}/doc/${PACKAGE_TARNAME}'
dvidir='${docdir}'
exec_prefix='${prefix}'
host='i686-pc-linux-gnu'
host_alias=''
host_cpu='i686'
host_os='linux-gnu'
host_vendor='pc'
htmldir='${docdir}'
includedir='${prefix}/include'
infodir='${datarootdir}/info'
install_sh='${SHELL} /home/helios66/.work/mapi_uninett/config/install-sh'
libdir='${exec_prefix}/lib'
libexecdir='${exec_prefix}/libexec'
localedir='${datarootdir}/locale'
localstatedir='${prefix}/var'
lt_ECHO='echo'
mandir='${datarootdir}/man'
mkdir_p='/bin/mkdir -p'
oldincludedir='/usr/include'
pdfdir='${docdir}'
prefix='/usr/local'
program_transform_name='s,x,x,'
psdir='${docdir}'
sbindir='${exec_prefix}/sbin'
sharedstatedir='${prefix}/com'
sysconfdir='${prefix}/etc'
target_alias=''

## ------------------- ##
## File substitutions. ##
## ------------------- ##

MAPI_CONF_DAG_ENTRY='/dev/null'
MAPI_CONF_IPFIXFLIB_ENTRY='/dev/null'
MAPI_CONF_NAPATECH_ENTRY='/dev/null'
MAPI_CONF_NAPATECH_X_ENTRY='/dev/null'

## ----------- ##
## confdefs.h. ##
## ----------- ##

/* confdefs.h */
#define PACKAGE_NAME "mapi"
#define PACKAGE_TARNAME "mapi"
#define PACKAGE_VERSION "2.0-beta1"
#define PACKAGE_STRING "mapi 2.0-beta1"
#define PACKAGE_BUGREPORT "mapi@uninett.no"
#define PACKAGE_URL ""
#define PACKAGE "mapi"
#define VERSION "2.0-beta1"
#define STDC_HEADERS 1
#define HAVE_SYS_TYPES_H 1
#define HAVE_SYS_STAT_H 1
#define HAVE_STDLIB_H 1
#define HAVE_STRING_H 1
#define HAVE_MEMORY_H 1
#define HAVE_STRINGS_H 1
#define HAVE_INTTYPES_H 1
#define HAVE_STDINT_H 1
#define HAVE_UNISTD_H 1
#define HAVE_DLFCN_H 1
#define LT_OBJDIR ".libs/"
#define STDC_HEADERS 1
#define HAVE_ARPA_INET_H 1
#define HAVE_FCNTL_H 1
#define HAVE_MALLOC_H 1
#define HAVE_NETDB_H 1
#define HAVE_NETINET_IN_H 1
#define HAVE_STDDEF_H 1
#define HAVE_STDINT_H 1
#define HAVE_STDLIB_H 1
#define HAVE_STRING_H 1
#define HAVE_SYS_FILE_H 1
#define HAVE_SYS_SOCKET_H 1
#define HAVE_SYS_TIME_H 1
#define HAVE_SYSLOG_H 1
#define HAVE_UNISTD_H 1
#define HAVE_ZLIB_H 1
#define HAVE_NET_ETHERNET_H 1
#define SIZEOF_CHAR 1
#define SIZEOF_SHORT_INT 2
#define SIZEOF_INT 4
#define SIZEOF_LONG_INT 4
#define SIZEOF_LONG_LONG_INT 8
#define HAVE_INT8_T 1
#define HAVE_INT16_T 1
#define HAVE_INT32_T 1
#define HAVE_INT64_T 1
#define HAVE_U_INT8_T 1
#define HAVE_U_INT16_T 1
#define HAVE_U_INT32_T 1
#define HAVE_U_INT64_T 1
#define HAVE_UINT8_T 1
#define HAVE_UINT16_T 1
#define HAVE_UINT32_T 1
#define CONF_FILE "mapi.conf"
#define MAPICOMMD_SSL_KEY_FILE "mapicommd_key.pem"
#define MAPICOMMD_SSL_CERT_FILE "mapicommd_cert.pem"
#define DEBUG 1
#define VALGRIND 1
#define MAPI_GROUP_NAME "mapi"
#define DIMAPI 1
#define TRACKFLIB_COMPILED 1
#define WITH_MODIFY_PKTS 1
#define WITH_MODIFY_PKTS 1
#define WITH_LOCKING 1
#define HAVE_LIBNIDS 1
#define HAVE_LIBPCRE 1
#define HAVE_LIBM 1
#define CONFDIR "/usr/local/etc/mapi"
#define DATADIR "/usr/local/share/mapi"

configure: exit 0
